Build started 23.03.2014 20:59:09.
     1>Project "E:\Roman\Project Visual\Task2_z_7\Task2_z_7\Task2_z_7.vcxproj" on node 2 (build target(s)).
     1>PrepareForBuild:
         Creating directory "E:\Roman\Project Visual\Task2_z_7\Debug\".
       InitializeBuildStatus:
         Creating "Debug\Task2_z_7.unsuccessfulbuild" because "AlwaysCreate" was specified.
       ClCompile:
         C:\Program Files (x86)\Microsoft Visual Studio 10.0\VC\bin\CL.exe /c /ZI /nologo /W3 /WX- /Od /Oy- /D _MBCS /Gm /EHsc /RTC1 /MDd /GS /fp:precise /Zc:wchar_t /Zc:forScope /Fo"Debug\\" /Fd"Debug\vc100.pdb" /Gd /TP /analyze- /errorReport:prompt function_task2_z_7.cpp Task2_z_7.cpp
         Task2_z_7.cpp
         function_task2_z_7.cpp
         Generating Code...
       Link:
         C:\Program Files (x86)\Microsoft Visual Studio 10.0\VC\bin\link.exe /ERRORREPORT:PROMPT /OUT:"E:\Roman\Project Visual\Task2_z_7\Debug\Task2_z_7.exe" /NOLOGO kernel32.lib user32.lib gdi32.lib winspool.lib comdlg32.lib advapi32.lib shell32.lib ole32.lib oleaut32.lib uuid.lib odbc32.lib odbccp32.lib /MANIFEST /ManifestFile:"Debug\Task2_z_7.exe.intermediate.manifest" /MANIFESTUAC:"level='asInvoker' uiAccess='false'" /DEBUG /PDB:"E:\Roman\Project Visual\Task2_z_7\Debug\Task2_z_7.pdb" /TLBID:1 /DYNAMICBASE /NXCOMPAT /IMPLIB:"E:\Roman\Project Visual\Task2_z_7\Debug\Task2_z_7.lib" /MACHINE:X86 Debug\function_task2_z_7.obj
         Debug\Task2_z_7.obj
         Task2_z_7.vcxproj -> E:\Roman\Project Visual\Task2_z_7\Debug\Task2_z_7.exe
       Manifest:
         C:\Program Files (x86)\Microsoft SDKs\Windows\v7.0A\bin\mt.exe /nologo /verbose /outputresource:"E:\Roman\Project Visual\Task2_z_7\Debug\Task2_z_7.exe;#1" /manifest Debug\Task2_z_7.exe.intermediate.manifest
       FinalizeBuildStatus:
         Deleting file "Debug\Task2_z_7.unsuccessfulbuild".
         Touching "Debug\Task2_z_7.lastbuildstate".
     1>Done Building Project "E:\Roman\Project Visual\Task2_z_7\Task2_z_7\Task2_z_7.vcxproj" (build target(s)).

Build succeeded.

Time Elapsed 00:00:02.46
